{
  "stats": {
    "suites": 1,
    "tests": 4,
    "passes": 4,
    "pending": 0,
    "failures": 0,
    "start": "2021-03-14T22:51:12.883Z",
    "end": "2021-03-14T22:51:37.749Z",
    "duration": 24866,
    "testsRegistered": 4,
    "passPercent": 100,
    "pendingPercent": 0,
    "other": 0,
    "hasOther": false,
    "skipped": 0,
    "hasSkipped": false
  },
  "results": [
    {
      "uuid": "b3499bb3-8fcf-479c-aa2c-8c827c34e54e",
      "title": "",
      "fullFile": "",
      "file": "",
      "beforeHooks": [],
      "afterHooks": [],
      "tests": [],
      "suites": [
        {
          "uuid": "40e5acf4-0bb7-4bcf-9b40-81e4d68fa911",
          "title": "Logout Suit",
          "fullFile": "/Users/elenavoitova/Documents/qa_automation/automationUI/Selenium-WebdriverJS-Mocha/tests/login.js",
          "file": "/tests/login.js",
          "beforeHooks": [
            {
              "title": "\"before all\" hook",
              "fullTitle": "Logout Suit \"before all\" hook",
              "timedOut": false,
              "duration": 4185,
              "state": null,
              "speed": null,
              "pass": false,
              "fail": false,
              "pending": false,
              "context": null,
              "code": "var self = this,\n    args = arguments;\nreturn new Promise(function (resolve, reject) {\n  var gen = fn.apply(self, args);\n  function _next(value) {\n    asyncGeneratorStep(gen, resolve, reject, _next, _throw, \"next\", value);\n  }\n  function _throw(err) {\n    asyncGeneratorStep(gen, resolve, reject, _next, _throw, \"throw\", err);\n  }\n  _next(undefined);\n});",
              "err": {},
              "uuid": "54cec36d-cebe-4c99-bf60-e6f0cd385861",
              "parentUUID": "40e5acf4-0bb7-4bcf-9b40-81e4d68fa911",
              "isHook": true,
              "skipped": false
            },
            {
              "title": "\"before each\" hook",
              "fullTitle": "Logout Suit \"before each\" hook",
              "timedOut": false,
              "duration": 1,
              "state": null,
              "speed": null,
              "pass": false,
              "fail": false,
              "pending": false,
              "context": null,
              "code": "var self = this,\n    args = arguments;\nreturn new Promise(function (resolve, reject) {\n  var gen = fn.apply(self, args);\n  function _next(value) {\n    asyncGeneratorStep(gen, resolve, reject, _next, _throw, \"next\", value);\n  }\n  function _throw(err) {\n    asyncGeneratorStep(gen, resolve, reject, _next, _throw, \"throw\", err);\n  }\n  _next(undefined);\n});",
              "err": {},
              "uuid": "316bbbd5-3d97-4dbd-9f44-9efe031c9323",
              "parentUUID": "40e5acf4-0bb7-4bcf-9b40-81e4d68fa911",
              "isHook": true,
              "skipped": false
            }
          ],
          "afterHooks": [
            {
              "title": "\"after all\" hook",
              "fullTitle": "Logout Suit \"after all\" hook",
              "timedOut": false,
              "duration": 124,
              "state": null,
              "speed": null,
              "pass": false,
              "fail": false,
              "pending": false,
              "context": null,
              "code": "return driver.close();",
              "err": {},
              "uuid": "3d8aed54-25bf-446a-9248-b3cb32eafae1",
              "parentUUID": "40e5acf4-0bb7-4bcf-9b40-81e4d68fa911",
              "isHook": true,
              "skipped": false
            }
          ],
          "tests": [
            {
              "title": "Login with empty fields",
              "fullTitle": "Logout Suit Login with empty fields",
              "timedOut": false,
              "duration": 4227,
              "state": "passed",
              "speed": "slow",
              "pass": true,
              "fail": false,
              "pending": false,
              "context": null,
              "code": "var self = this,\n    args = arguments;\nreturn new Promise(function (resolve, reject) {\n  var gen = fn.apply(self, args);\n  function _next(value) {\n    asyncGeneratorStep(gen, resolve, reject, _next, _throw, \"next\", value);\n  }\n  function _throw(err) {\n    asyncGeneratorStep(gen, resolve, reject, _next, _throw, \"throw\", err);\n  }\n  _next(undefined);\n});",
              "err": {},
              "uuid": "8b92edbf-fb2f-41d8-a005-6e8f65c2cd6b",
              "parentUUID": "40e5acf4-0bb7-4bcf-9b40-81e4d68fa911",
              "isHook": false,
              "skipped": false
            },
            {
              "title": "Login with empty password",
              "fullTitle": "Logout Suit Login with empty password",
              "timedOut": false,
              "duration": 3479,
              "state": "passed",
              "speed": "slow",
              "pass": true,
              "fail": false,
              "pending": false,
              "context": null,
              "code": "var self = this,\n    args = arguments;\nreturn new Promise(function (resolve, reject) {\n  var gen = fn.apply(self, args);\n  function _next(value) {\n    asyncGeneratorStep(gen, resolve, reject, _next, _throw, \"next\", value);\n  }\n  function _throw(err) {\n    asyncGeneratorStep(gen, resolve, reject, _next, _throw, \"throw\", err);\n  }\n  _next(undefined);\n});",
              "err": {},
              "uuid": "1324e8ce-2e93-4cf8-a3b6-bc0eadd08828",
              "parentUUID": "40e5acf4-0bb7-4bcf-9b40-81e4d68fa911",
              "isHook": false,
              "skipped": false
            },
            {
              "title": "Login with swaped credentials",
              "fullTitle": "Logout Suit Login with swaped credentials",
              "timedOut": false,
              "duration": 7615,
              "state": "passed",
              "speed": "slow",
              "pass": true,
              "fail": false,
              "pending": false,
              "context": null,
              "code": "var self = this,\n    args = arguments;\nreturn new Promise(function (resolve, reject) {\n  var gen = fn.apply(self, args);\n  function _next(value) {\n    asyncGeneratorStep(gen, resolve, reject, _next, _throw, \"next\", value);\n  }\n  function _throw(err) {\n    asyncGeneratorStep(gen, resolve, reject, _next, _throw, \"throw\", err);\n  }\n  _next(undefined);\n});",
              "err": {},
              "uuid": "ae8b5081-8858-44e9-ba8d-48276ddadb97",
              "parentUUID": "40e5acf4-0bb7-4bcf-9b40-81e4d68fa911",
              "isHook": false,
              "skipped": false
            },
            {
              "title": "Login with valid credentials",
              "fullTitle": "Logout Suit Login with valid credentials",
              "timedOut": false,
              "duration": 5224,
              "state": "passed",
              "speed": "slow",
              "pass": true,
              "fail": false,
              "pending": false,
              "context": null,
              "code": "var self = this,\n    args = arguments;\nreturn new Promise(function (resolve, reject) {\n  var gen = fn.apply(self, args);\n  function _next(value) {\n    asyncGeneratorStep(gen, resolve, reject, _next, _throw, \"next\", value);\n  }\n  function _throw(err) {\n    asyncGeneratorStep(gen, resolve, reject, _next, _throw, \"throw\", err);\n  }\n  _next(undefined);\n});",
              "err": {},
              "uuid": "8deaf609-c1ec-48a1-af88-caebda583d67",
              "parentUUID": "40e5acf4-0bb7-4bcf-9b40-81e4d68fa911",
              "isHook": false,
              "skipped": false
            }
          ],
          "suites": [],
          "passes": [
            "8b92edbf-fb2f-41d8-a005-6e8f65c2cd6b",
            "1324e8ce-2e93-4cf8-a3b6-bc0eadd08828",
            "ae8b5081-8858-44e9-ba8d-48276ddadb97",
            "8deaf609-c1ec-48a1-af88-caebda583d67"
          ],
          "failures": [],
          "pending": [],
          "skipped": [],
          "duration": 20545,
          "root": false,
          "rootEmpty": false,
          "_timeout": 60000
        }
      ],
      "passes": [],
      "failures": [],
      "pending": [],
      "skipped": [],
      "duration": 0,
      "root": true,
      "rootEmpty": true,
      "_timeout": 60000
    }
  ],
  "meta": {
    "mocha": {
      "version": "7.2.0"
    },
    "mochawesome": {
      "options": {
        "quiet": false,
        "reportFilename": "mochawesome",
        "saveHtml": true,
        "saveJson": true,
        "consoleReporter": "spec",
        "useInlineDiffs": false,
        "code": true
      },
      "version": "6.2.2"
    },
    "marge": {
      "options": {
        "autoOpen": "true"
      },
      "version": "5.2.0"
    }
  }
}